<?xml version="1.0" encoding="UTF-8"?>
<testsuite xmlns:xsi="http://www.w3.org/2001/XMLSchema-instance" xsi:noNamespaceSchemaLocation="https://maven.apache.org/surefire/maven-surefire-plugin/xsd/surefire-test-report.xsd" version="3.0.2" name="TestSuite" time="96.846" tests="1" errors="0" skipped="0" failures="0">
  <properties>
    <property name="java.specification.version" value="21"/>
    <property name="webdriver.chrome.driver" value="/Users/salsa/.cache/selenium/chromedriver/mac-arm64/137.0.7151.119/chromedriver"/>
    <property name="sun.jnu.encoding" value="UTF-8"/>
    <property name="java.class.path" value="/Users/salsa/Library/Application Support/Code/User/globalStorage/pleiades.java-extension-pack-jdk/maven/latest/boot/plexus-classworlds-2.9.0.jar"/>
    <property name="java.vm.vendor" value="Homebrew"/>
    <property name="sun.arch.data.model" value="64"/>
    <property name="java.vendor.url" value="https://github.com/Homebrew/homebrew-core/issues"/>
    <property name="user.timezone" value="Asia/Jakarta"/>
    <property name="maven.conf" value="/Users/salsa/Library/Application Support/Code/User/globalStorage/pleiades.java-extension-pack-jdk/maven/latest/conf"/>
    <property name="java.vm.specification.version" value="21"/>
    <property name="os.name" value="Mac OS X"/>
    <property name="sun.java.launcher" value="SUN_STANDARD"/>
    <property name="user.country" value="ID"/>
    <property name="sun.boot.library.path" value="/opt/homebrew/Cellar/openjdk@21/21.0.6/libexec/openjdk.jdk/Contents/Home/lib"/>
    <property name="sun.java.command" value="org.codehaus.plexus.classworlds.launcher.Launcher test -DsuiteXml=selenium_page_factory/runner_regression.xml"/>
    <property name="http.nonProxyHosts" value="local|*.local|169.254/16|*.169.254/16"/>
    <property name="jdk.debug" value="release"/>
    <property name="maven.home" value="/Users/salsa/Library/Application Support/Code/User/globalStorage/pleiades.java-extension-pack-jdk/maven/latest"/>
    <property name="surefire.test.class.path" value="/Users/salsa/Documents/AfterOffice/ProjectTests/Project1/target/test-classes:/Users/salsa/Documents/AfterOffice/ProjectTests/Project1/target/classes:/Users/salsa/.m2/repository/org/testng/testng/7.11.0/testng-7.11.0.jar:/Users/salsa/.m2/repository/org/slf4j/slf4j-api/2.0.16/slf4j-api-2.0.16.jar:/Users/salsa/.m2/repository/org/jcommander/jcommander/1.83/jcommander-1.83.jar:/Users/salsa/.m2/repository/org/webjars/jquery/3.7.1/jquery-3.7.1.jar:/Users/salsa/.m2/repository/io/rest-assured/rest-assured/5.5.1/rest-assured-5.5.1.jar:/Users/salsa/.m2/repository/org/apache/groovy/groovy/4.0.22/groovy-4.0.22.jar:/Users/salsa/.m2/repository/org/apache/groovy/groovy-xml/4.0.22/groovy-xml-4.0.22.jar:/Users/salsa/.m2/repository/org/apache/httpcomponents/httpclient/4.5.13/httpclient-4.5.13.jar:/Users/salsa/.m2/repository/org/apache/httpcomponents/httpcore/4.4.13/httpcore-4.4.13.jar:/Users/salsa/.m2/repository/commons-logging/commons-logging/1.2/commons-logging-1.2.jar:/Users/salsa/.m2/repository/commons-codec/commons-codec/1.11/commons-codec-1.11.jar:/Users/salsa/.m2/repository/org/apache/httpcomponents/httpmime/4.5.13/httpmime-4.5.13.jar:/Users/salsa/.m2/repository/org/hamcrest/hamcrest/2.2/hamcrest-2.2.jar:/Users/salsa/.m2/repository/org/ccil/cowan/tagsoup/tagsoup/1.2.1/tagsoup-1.2.1.jar:/Users/salsa/.m2/repository/io/rest-assured/json-path/5.5.1/json-path-5.5.1.jar:/Users/salsa/.m2/repository/org/apache/groovy/groovy-json/4.0.22/groovy-json-4.0.22.jar:/Users/salsa/.m2/repository/io/rest-assured/rest-assured-common/5.5.1/rest-assured-common-5.5.1.jar:/Users/salsa/.m2/repository/io/rest-assured/xml-path/5.5.1/xml-path-5.5.1.jar:/Users/salsa/.m2/repository/org/projectlombok/lombok/1.18.38/lombok-1.18.38.jar:/Users/salsa/.m2/repository/com/fasterxml/jackson/core/jackson-databind/2.19.0/jackson-databind-2.19.0.jar:/Users/salsa/.m2/repository/com/fasterxml/jackson/core/jackson-annotations/2.19.0/jackson-annotations-2.19.0.jar:/Users/salsa/.m2/repository/com/fasterxml/jackson/core/jackson-core/2.19.0/jackson-core-2.19.0.jar:/Users/salsa/.m2/repository/io/rest-assured/json-schema-validator/5.5.2/json-schema-validator-5.5.2.jar:/Users/salsa/.m2/repository/com/github/java-json-tools/json-schema-validator/2.2.14/json-schema-validator-2.2.14.jar:/Users/salsa/.m2/repository/com/github/java-json-tools/jackson-coreutils-equivalence/1.0/jackson-coreutils-equivalence-1.0.jar:/Users/salsa/.m2/repository/com/github/java-json-tools/jackson-coreutils/2.0/jackson-coreutils-2.0.jar:/Users/salsa/.m2/repository/com/github/java-json-tools/msg-simple/1.2/msg-simple-1.2.jar:/Users/salsa/.m2/repository/com/github/java-json-tools/btf/1.3/btf-1.3.jar:/Users/salsa/.m2/repository/com/github/java-json-tools/json-schema-core/1.2.14/json-schema-core-1.2.14.jar:/Users/salsa/.m2/repository/com/github/java-json-tools/uri-template/0.10/uri-template-0.10.jar:/Users/salsa/.m2/repository/org/mozilla/rhino/1.7.7.2/rhino-1.7.7.2.jar:/Users/salsa/.m2/repository/com/sun/mail/mailapi/1.6.2/mailapi-1.6.2.jar:/Users/salsa/.m2/repository/com/googlecode/libphonenumber/libphonenumber/8.11.1/libphonenumber-8.11.1.jar:/Users/salsa/.m2/repository/com/google/code/findbugs/jsr305/3.0.2/jsr305-3.0.2.jar:/Users/salsa/.m2/repository/net/sf/jopt-simple/jopt-simple/5.0.4/jopt-simple-5.0.4.jar:/Users/salsa/.m2/repository/com/google/guava/guava/33.2.1-jre/guava-33.2.1-jre.jar:/Users/salsa/.m2/repository/com/google/guava/failureaccess/1.0.2/failureaccess-1.0.2.jar:/Users/salsa/.m2/repository/com/google/guava/listenablefuture/9999.0-empty-to-avoid-conflict-with-guava/listenablefuture-9999.0-empty-to-avoid-conflict-with-guava.jar:/Users/salsa/.m2/repository/org/checkerframework/checker-qual/3.42.0/checker-qual-3.42.0.jar:/Users/salsa/.m2/repository/com/google/errorprone/error_prone_annotations/2.26.1/error_prone_annotations-2.26.1.jar:/Users/salsa/.m2/repository/com/google/j2objc/j2objc-annotations/3.0.0/j2objc-annotations-3.0.0.jar:/Users/salsa/.m2/repository/io/cucumber/cucumber-java/7.22.2/cucumber-java-7.22.2.jar:/Users/salsa/.m2/repository/io/cucumber/cucumber-core/7.22.2/cucumber-core-7.22.2.jar:/Users/salsa/.m2/repository/io/cucumber/cucumber-gherkin/7.22.2/cucumber-gherkin-7.22.2.jar:/Users/salsa/.m2/repository/io/cucumber/cucumber-gherkin-messages/7.22.2/cucumber-gherkin-messages-7.22.2.jar:/Users/salsa/.m2/repository/io/cucumber/gherkin/32.1.1/gherkin-32.1.1.jar:/Users/salsa/.m2/repository/io/cucumber/messages/27.2.0/messages-27.2.0.jar:/Users/salsa/.m2/repository/io/cucumber/testng-xml-formatter/0.3.1/testng-xml-formatter-0.3.1.jar:/Users/salsa/.m2/repository/io/cucumber/query/13.3.0/query-13.3.0.jar:/Users/salsa/.m2/repository/io/cucumber/tag-expressions/6.1.2/tag-expressions-6.1.2.jar:/Users/salsa/.m2/repository/io/cucumber/cucumber-expressions/18.0.1/cucumber-expressions-18.0.1.jar:/Users/salsa/.m2/repository/io/cucumber/datatable/7.22.2/datatable-7.22.2.jar:/Users/salsa/.m2/repository/io/cucumber/cucumber-plugin/7.22.2/cucumber-plugin-7.22.2.jar:/Users/salsa/.m2/repository/io/cucumber/docstring/7.22.2/docstring-7.22.2.jar:/Users/salsa/.m2/repository/io/cucumber/html-formatter/21.10.1/html-formatter-21.10.1.jar:/Users/salsa/.m2/repository/io/cucumber/junit-xml-formatter/0.7.1/junit-xml-formatter-0.7.1.jar:/Users/salsa/.m2/repository/io/cucumber/ci-environment/10.0.1/ci-environment-10.0.1.jar:/Users/salsa/.m2/repository/org/apiguardian/apiguardian-api/1.1.2/apiguardian-api-1.1.2.jar:/Users/salsa/.m2/repository/io/cucumber/cucumber-testng/7.22.2/cucumber-testng-7.22.2.jar:/Users/salsa/.m2/repository/net/masterthought/cucumber-reporting/5.7.0/cucumber-reporting-5.7.0.jar:/Users/salsa/.m2/repository/com/fasterxml/jackson/datatype/jackson-datatype-jsr310/2.13.0/jackson-datatype-jsr310-2.13.0.jar:/Users/salsa/.m2/repository/org/apache/velocity/velocity-engine-core/2.3/velocity-engine-core-2.3.jar:/Users/salsa/.m2/repository/commons-collections/commons-collections/3.2.2/commons-collections-3.2.2.jar:/Users/salsa/.m2/repository/joda-time/joda-time/2.10.10/joda-time-2.10.10.jar:/Users/salsa/.m2/repository/org/apache/commons/commons-lang3/3.12.0/commons-lang3-3.12.0.jar:/Users/salsa/.m2/repository/commons-io/commons-io/2.7/commons-io-2.7.jar:/Users/salsa/.m2/repository/org/codehaus/plexus/plexus-utils/3.3.0/plexus-utils-3.3.0.jar:/Users/salsa/.m2/repository/org/jsoup/jsoup/1.14.2/jsoup-1.14.2.jar:/Users/salsa/.m2/repository/com/googlecode/owasp-java-html-sanitizer/owasp-java-html-sanitizer/20211018.2/owasp-java-html-sanitizer-20211018.2.jar:/Users/salsa/.m2/repository/commons-configuration/commons-configuration/1.10/commons-configuration-1.10.jar:/Users/salsa/.m2/repository/commons-lang/commons-lang/2.6/commons-lang-2.6.jar:/Users/salsa/.m2/repository/io/cucumber/cucumber-junit/7.21.1/cucumber-junit-7.21.1.jar:/Users/salsa/.m2/repository/junit/junit/4.13.2/junit-4.13.2.jar:/Users/salsa/.m2/repository/org/hamcrest/hamcrest-core/1.3/hamcrest-core-1.3.jar:/Users/salsa/.m2/repository/io/github/cdimascio/dotenv-java/3.0.0/dotenv-java-3.0.0.jar:/Users/salsa/.m2/repository/io/cucumber/cucumber-picocontainer/7.22.2/cucumber-picocontainer-7.22.2.jar:/Users/salsa/.m2/repository/org/picocontainer/picocontainer/2.15.2/picocontainer-2.15.2.jar:/Users/salsa/.m2/repository/org/seleniumhq/selenium/selenium-java/4.33.0/selenium-java-4.33.0.jar:/Users/salsa/.m2/repository/org/seleniumhq/selenium/selenium-api/4.33.0/selenium-api-4.33.0.jar:/Users/salsa/.m2/repository/org/jspecify/jspecify/1.0.0/jspecify-1.0.0.jar:/Users/salsa/.m2/repository/org/seleniumhq/selenium/selenium-chrome-driver/4.33.0/selenium-chrome-driver-4.33.0.jar:/Users/salsa/.m2/repository/com/google/auto/service/auto-service-annotations/1.1.1/auto-service-annotations-1.1.1.jar:/Users/salsa/.m2/repository/org/seleniumhq/selenium/selenium-chromium-driver/4.33.0/selenium-chromium-driver-4.33.0.jar:/Users/salsa/.m2/repository/org/seleniumhq/selenium/selenium-json/4.33.0/selenium-json-4.33.0.jar:/Users/salsa/.m2/repository/org/seleniumhq/selenium/selenium-manager/4.33.0/selenium-manager-4.33.0.jar:/Users/salsa/.m2/repository/org/seleniumhq/selenium/selenium-devtools-v135/4.33.0/selenium-devtools-v135-4.33.0.jar:/Users/salsa/.m2/repository/org/seleniumhq/selenium/selenium-devtools-v136/4.33.0/selenium-devtools-v136-4.33.0.jar:/Users/salsa/.m2/repository/org/seleniumhq/selenium/selenium-devtools-v137/4.33.0/selenium-devtools-v137-4.33.0.jar:/Users/salsa/.m2/repository/org/seleniumhq/selenium/selenium-edge-driver/4.33.0/selenium-edge-driver-4.33.0.jar:/Users/salsa/.m2/repository/org/seleniumhq/selenium/selenium-firefox-driver/4.33.0/selenium-firefox-driver-4.33.0.jar:/Users/salsa/.m2/repository/org/seleniumhq/selenium/selenium-http/4.33.0/selenium-http-4.33.0.jar:/Users/salsa/.m2/repository/org/seleniumhq/selenium/selenium-ie-driver/4.33.0/selenium-ie-driver-4.33.0.jar:/Users/salsa/.m2/repository/org/seleniumhq/selenium/selenium-remote-driver/4.33.0/selenium-remote-driver-4.33.0.jar:/Users/salsa/.m2/repository/io/opentelemetry/opentelemetry-api/1.50.0/opentelemetry-api-1.50.0.jar:/Users/salsa/.m2/repository/io/opentelemetry/opentelemetry-context/1.50.0/opentelemetry-context-1.50.0.jar:/Users/salsa/.m2/repository/io/opentelemetry/opentelemetry-exporter-logging/1.50.0/opentelemetry-exporter-logging-1.50.0.jar:/Users/salsa/.m2/repository/io/opentelemetry/opentelemetry-sdk-common/1.50.0/opentelemetry-sdk-common-1.50.0.jar:/Users/salsa/.m2/repository/io/opentelemetry/opentelemetry-sdk-extension-autoconfigure-spi/1.50.0/opentelemetry-sdk-extension-autoconfigure-spi-1.50.0.jar:/Users/salsa/.m2/repository/io/opentelemetry/opentelemetry-sdk-extension-autoconfigure/1.50.0/opentelemetry-sdk-extension-autoconfigure-1.50.0.jar:/Users/salsa/.m2/repository/io/opentelemetry/opentelemetry-sdk-trace/1.50.0/opentelemetry-sdk-trace-1.50.0.jar:/Users/salsa/.m2/repository/io/opentelemetry/opentelemetry-sdk/1.50.0/opentelemetry-sdk-1.50.0.jar:/Users/salsa/.m2/repository/io/opentelemetry/opentelemetry-sdk-metrics/1.50.0/opentelemetry-sdk-metrics-1.50.0.jar:/Users/salsa/.m2/repository/io/opentelemetry/opentelemetry-sdk-logs/1.50.0/opentelemetry-sdk-logs-1.50.0.jar:/Users/salsa/.m2/repository/net/bytebuddy/byte-buddy/1.17.5/byte-buddy-1.17.5.jar:/Users/salsa/.m2/repository/org/seleniumhq/selenium/selenium-os/4.33.0/selenium-os-4.33.0.jar:/Users/salsa/.m2/repository/org/apache/commons/commons-exec/1.4.0/commons-exec-1.4.0.jar:/Users/salsa/.m2/repository/org/seleniumhq/selenium/selenium-safari-driver/4.33.0/selenium-safari-driver-4.33.0.jar:/Users/salsa/.m2/repository/org/seleniumhq/selenium/selenium-support/4.33.0/selenium-support-4.33.0.jar:/Users/salsa/.m2/repository/io/github/bonigarcia/webdrivermanager/5.5.3/webdrivermanager-5.5.3.jar:/Users/salsa/.m2/repository/com/google/code/gson/gson/2.10.1/gson-2.10.1.jar:/Users/salsa/.m2/repository/com/github/docker-java/docker-java/3.3.3/docker-java-3.3.3.jar:/Users/salsa/.m2/repository/com/github/docker-java/docker-java-core/3.3.3/docker-java-core-3.3.3.jar:/Users/salsa/.m2/repository/com/github/docker-java/docker-java-api/3.3.3/docker-java-api-3.3.3.jar:/Users/salsa/.m2/repository/org/apache/commons/commons-compress/1.21/commons-compress-1.21.jar:/Users/salsa/.m2/repository/org/bouncycastle/bcpkix-jdk18on/1.75/bcpkix-jdk18on-1.75.jar:/Users/salsa/.m2/repository/org/bouncycastle/bcprov-jdk18on/1.75/bcprov-jdk18on-1.75.jar:/Users/salsa/.m2/repository/org/bouncycastle/bcutil-jdk18on/1.75/bcutil-jdk18on-1.75.jar:/Users/salsa/.m2/repository/org/slf4j/jcl-over-slf4j/1.7.30/jcl-over-slf4j-1.7.30.jar:/Users/salsa/.m2/repository/com/github/docker-java/docker-java-transport-httpclient5/3.3.3/docker-java-transport-httpclient5-3.3.3.jar:/Users/salsa/.m2/repository/com/github/docker-java/docker-java-transport/3.3.3/docker-java-transport-3.3.3.jar:/Users/salsa/.m2/repository/net/java/dev/jna/jna/5.12.1/jna-5.12.1.jar:/Users/salsa/.m2/repository/org/brotli/dec/0.1.2/dec-0.1.2.jar:/Users/salsa/.m2/repository/org/apache/httpcomponents/client5/httpclient5/5.2.1/httpclient5-5.2.1.jar:/Users/salsa/.m2/repository/org/apache/httpcomponents/core5/httpcore5/5.2/httpcore5-5.2.jar:/Users/salsa/.m2/repository/org/apache/httpcomponents/core5/httpcore5-h2/5.2/httpcore5-h2-5.2.jar:"/>
    <property name="sun.cpu.endian" value="little"/>
    <property name="user.home" value="/Users/salsa"/>
    <property name="user.language" value="en"/>
    <property name="java.specification.vendor" value="Oracle Corporation"/>
    <property name="java.version.date" value="2025-01-21"/>
    <property name="java.home" value="/opt/homebrew/Cellar/openjdk@21/21.0.6/libexec/openjdk.jdk/Contents/Home"/>
    <property name="file.separator" value="/"/>
    <property name="basedir" value="/Users/salsa/Documents/AfterOffice/ProjectTests/Project1"/>
    <property name="java.vm.compressedOopsMode" value="Zero based"/>
    <property name="line.separator" value="&#10;"/>
    <property name="java.vm.specification.vendor" value="Oracle Corporation"/>
    <property name="java.specification.name" value="Java Platform API Specification"/>
    <property name="apple.awt.application.name" value="Launcher"/>
    <property name="sun.management.compiler" value="HotSpot 64-Bit Tiered Compilers"/>
    <property name="ftp.nonProxyHosts" value="local|*.local|169.254/16|*.169.254/16"/>
    <property name="java.runtime.version" value="21.0.6"/>
    <property name="user.name" value="salsa"/>
    <property name="stdout.encoding" value="UTF-8"/>
    <property name="path.separator" value=":"/>
    <property name="os.version" value="13.5"/>
    <property name="java.runtime.name" value="OpenJDK Runtime Environment"/>
    <property name="file.encoding" value="UTF-8"/>
    <property name="guice.disable.misplaced.annotation.check" value="true"/>
    <property name="browser" value="chrome"/>
    <property name="java.vm.name" value="OpenJDK 64-Bit Server VM"/>
    <property name="java.vendor.version" value="Homebrew"/>
    <property name="email" value="&quot;testerA@gmail.com&quot;"/>
    <property name="localRepository" value="/Users/salsa/.m2/repository"/>
    <property name="java.vendor.url.bug" value="https://github.com/Homebrew/homebrew-core/issues"/>
    <property name="suiteXml" value="selenium_page_factory/runner_regression.xml"/>
    <property name="java.io.tmpdir" value="/var/folders/0h/063c3np959bbg7_4pknqdjfr0000gn/T/"/>
    <property name="java.version" value="21.0.6"/>
    <property name="user.dir" value="/Users/salsa/Documents/AfterOffice/ProjectTests/Project1"/>
    <property name="os.arch" value="aarch64"/>
    <property name="maven.multiModuleProjectDirectory" value="/Users/salsa/Documents/AfterOffice/ProjectTests/Project1"/>
    <property name="java.vm.specification.name" value="Java Virtual Machine Specification"/>
    <property name="native.encoding" value="UTF-8"/>
    <property name="java.library.path" value="/Users/salsa/Library/Java/Extensions:/Library/Java/Extensions:/Network/Library/Java/Extensions:/System/Library/Java/Extensions:/usr/lib/java:."/>
    <property name="java.vm.info" value="mixed mode, sharing"/>
    <property name="stderr.encoding" value="UTF-8"/>
    <property name="java.vendor" value="Homebrew"/>
    <property name="java.vm.version" value="21.0.6"/>
    <property name="classworlds.conf" value="/Users/salsa/Library/Application Support/Code/User/globalStorage/pleiades.java-extension-pack-jdk/maven/latest/bin/m2.conf"/>
    <property name="sun.io.unicode.encoding" value="UnicodeBig"/>
    <property name="library.jansi.path" value="/Users/salsa/Library/Application Support/Code/User/globalStorage/pleiades.java-extension-pack-jdk/maven/latest/lib/jansi-native"/>
    <property name="socksNonProxyHosts" value="local|*.local|169.254/16|*.169.254/16"/>
    <property name="java.class.version" value="65.0"/>
  </properties>
  <testcase name="runScenario[&quot;&quot;, &quot;Checkout Flow&quot;](1)" classname="selenium_page_factory.test_suite_cucumber.runner.CucumberRunner" time="91.089">
    <system-out><![CDATA[...
... TestNG 7.11.0 by Cédric Beust (cedric@beust.com)
...


Scenario:                                                                                                                                                                # src/test/resources/selenium_page_factory/checkout_flow.feature:7
beforeScenario
env: staging
Current Directory = /Users/salsa/Documents/AfterOffice/ProjectTests/Project1
chrome
null
selenium_page_factory/runner_regression.xml
  Given Open "https://rahulshettyacademy.com/client"                                                                                                                     # selenium_page_factory.test_suite_cucumber.definitions.GeneralDefinitions.openUrl(java.lang.String)
  Then Init all pages for run automation for checkout flow                                                                                                               # selenium_page_factory.test_suite_cucumber.definitions.CheckoutFlowE2E.initAllPages()
  When Click button Register on Login page                                                                                                                               # selenium_page_factory.test_suite_cucumber.definitions.CheckoutFlowE2E.clickButtonRegisterfromLoginPage()
  And Input first name, last name, phone number, select occupation with engineer, select female gender                                                                   # selenium_page_factory.test_suite_cucumber.definitions.CheckoutFlowE2E.fillInRequiredData()
  And Input password & confirm password "P@ssword!1"                                                                                                                     # selenium_page_factory.test_suite_cucumber.definitions.CheckoutFlowE2E.fillInPasswordandConfrimPassword(java.lang.String)
  And Click TnC checkbox on Register page                                                                                                                                # selenium_page_factory.test_suite_cucumber.definitions.CheckoutFlowE2E.clickTnCCheckbox()
  And Click button Register for register new account                                                                                                                     # selenium_page_factory.test_suite_cucumber.definitions.CheckoutFlowE2E.clickButtonRegister()
  And Click button Login to open the Login page                                                                                                                          # selenium_page_factory.test_suite_cucumber.definitions.CheckoutFlowE2E.clickButtonLoginAfterRegister()
  Then Input email "{email}" and password "P@ssword!1" in login page for checkout flow                                                                                   # selenium_page_factory.test_suite_cucumber.definitions.CheckoutFlowE2E.inputEmailAndPassword(java.lang.String,java.lang.String)
  Then Click login button for checkout flow                                                                                                                              # selenium_page_factory.test_suite_cucumber.definitions.CheckoutFlowE2E.clickButtonLogin()
  Then Search product with keyword "IPHONE" for checkout flow                                                                                                            # selenium_page_factory.test_suite_cucumber.definitions.CheckoutFlowE2E.searchProduct(java.lang.String)
  Then Verify the product name contains inputted keyword                                                                                                                 # selenium_page_factory.test_suite_cucumber.definitions.CheckoutFlowE2E.verifySearchResult()
  Then Click view product for checkout flow                                                                                                                              # selenium_page_factory.test_suite_cucumber.definitions.CheckoutFlowE2E.clickViewProduct()
  And Verify product name, to make sure the product name contains inputted keyword is shown for checkout flow                                                            # selenium_page_factory.test_suite_cucumber.definitions.CheckoutFlowE2E.verifyProductDisplayTitle()
  And Verify product price is the same as the price on the dashboard                                                                                                     # selenium_page_factory.test_suite_cucumber.definitions.CheckoutFlowE2E.verifyProductDisplayPrice()
  Then Click Add to Cart button for checkout flow                                                                                                                        # selenium_page_factory.test_suite_cucumber.definitions.CheckoutFlowE2E.clickButtonAddToCartfromProductDisplay()
  Then Verify product name, product price on Cart page are the same as the data from product display                                                                     # selenium_page_factory.test_suite_cucumber.definitions.CheckoutFlowE2E.verifyCartPage()
  Then Click checkout button for checkout flow                                                                                                                           # selenium_page_factory.test_suite_cucumber.definitions.CheckoutFlowE2E.clickButtonCheckout()
  Then Verify credit card number is match with "4542 9931 9292 2293"                                                                                                     # selenium_page_factory.test_suite_cucumber.definitions.CheckoutFlowE2E.verifyCreditCardNumber(java.lang.String)
  Then Verify email is match with "{email}"                                                                                                                              # selenium_page_factory.test_suite_cucumber.definitions.CheckoutFlowE2E.verifyEmailonChekcoutPage(java.lang.String)
  Then Enter the details payment for checkout flow                                                                                                                       # selenium_page_factory.test_suite_cucumber.definitions.CheckoutFlowE2E.enterPaymentDetails()
  Then Click place order button for checkout flow                                                                                                                        # selenium_page_factory.test_suite_cucumber.definitions.CheckoutFlowE2E.clickButtonPlaceOrder()
  And Verify order, to make sure product name contains inputted keyword with product price that is same as the product price from the checkout page successfully ordered # selenium_page_factory.test_suite_cucumber.definitions.CheckoutFlowE2E.verifyOrder()
  Then Delay for 2 seconds                                                                                                                                               # selenium_page_factory.test_suite_cucumber.definitions.GeneralDefinitions.delay(int)
afterScenario
]]></system-out>
    <system-err><![CDATA[SLF4J(W): No SLF4J providers were found.
SLF4J(W): Defaulting to no-operation (NOP) logger implementation
SLF4J(W): See https://www.slf4j.org/codes.html#noProviders for further details.
]]></system-err>
  </testcase>
</testsuite>