<?xml version="1.0" encoding="UTF-8"?>
<testsuite xmlns:xsi="http://www.w3.org/2001/XMLSchema-instance" xsi:noNamespaceSchemaLocation="https://maven.apache.org/surefire/maven-surefire-plugin/xsd/surefire-test-report.xsd" version="3.0.2" name="TestSuite" time="7.379" tests="10" errors="0" skipped="2" failures="0">
  <properties>
    <property name="java.specification.version" value="23"/>
    <property name="sun.jnu.encoding" value="UTF-8"/>
    <property name="java.class.path" value="/Users/salsa/Documents/AfterOffice/Project/testngprogram/target/test-classes:/Users/salsa/Documents/AfterOffice/Project/testngprogram/target/classes:/Users/salsa/.m2/repository/org/testng/testng/7.11.0/testng-7.11.0.jar:/Users/salsa/.m2/repository/org/slf4j/slf4j-api/2.0.16/slf4j-api-2.0.16.jar:/Users/salsa/.m2/repository/org/jcommander/jcommander/1.83/jcommander-1.83.jar:/Users/salsa/.m2/repository/org/webjars/jquery/3.7.1/jquery-3.7.1.jar:"/>
    <property name="java.vm.vendor" value="Homebrew"/>
    <property name="sun.arch.data.model" value="64"/>
    <property name="java.vendor.url" value="https://github.com/Homebrew/homebrew-core/issues"/>
    <property name="user.timezone" value="Asia/Jakarta"/>
    <property name="os.name" value="Mac OS X"/>
    <property name="java.vm.specification.version" value="23"/>
    <property name="sun.java.launcher" value="SUN_STANDARD"/>
    <property name="user.country" value="ID"/>
    <property name="sun.boot.library.path" value="/opt/homebrew/Cellar/openjdk/23.0.2/libexec/openjdk.jdk/Contents/Home/lib"/>
    <property name="sun.java.command" value="/Users/salsa/Documents/AfterOffice/Project/testngprogram/target/surefire/surefirebooter-20250512151119796_3.jar /Users/salsa/Documents/AfterOffice/Project/testngprogram/target/surefire 2025-05-12T15-11-19_746-jvmRun1 surefire-20250512151119796_1tmp surefire_0-20250512151119796_2tmp"/>
    <property name="http.nonProxyHosts" value="local|*.local|169.254/16|*.169.254/16"/>
    <property name="jdk.debug" value="release"/>
    <property name="surefire.test.class.path" value="/Users/salsa/Documents/AfterOffice/Project/testngprogram/target/test-classes:/Users/salsa/Documents/AfterOffice/Project/testngprogram/target/classes:/Users/salsa/.m2/repository/org/testng/testng/7.11.0/testng-7.11.0.jar:/Users/salsa/.m2/repository/org/slf4j/slf4j-api/2.0.16/slf4j-api-2.0.16.jar:/Users/salsa/.m2/repository/org/jcommander/jcommander/1.83/jcommander-1.83.jar:/Users/salsa/.m2/repository/org/webjars/jquery/3.7.1/jquery-3.7.1.jar:"/>
    <property name="sun.cpu.endian" value="little"/>
    <property name="user.home" value="/Users/salsa"/>
    <property name="user.language" value="en"/>
    <property name="java.specification.vendor" value="Oracle Corporation"/>
    <property name="java.version.date" value="2025-01-21"/>
    <property name="java.home" value="/opt/homebrew/Cellar/openjdk/23.0.2/libexec/openjdk.jdk/Contents/Home"/>
    <property name="file.separator" value="/"/>
    <property name="basedir" value="/Users/salsa/Documents/AfterOffice/Project/testngprogram"/>
    <property name="java.vm.compressedOopsMode" value="Zero based"/>
    <property name="line.separator" value="&#10;"/>
    <property name="java.vm.specification.vendor" value="Oracle Corporation"/>
    <property name="java.specification.name" value="Java Platform API Specification"/>
    <property name="apple.awt.application.name" value="ForkedBooter"/>
    <property name="surefire.real.class.path" value="/Users/salsa/Documents/AfterOffice/Project/testngprogram/target/surefire/surefirebooter-20250512151119796_3.jar"/>
    <property name="sun.management.compiler" value="HotSpot 64-Bit Tiered Compilers"/>
    <property name="ftp.nonProxyHosts" value="local|*.local|169.254/16|*.169.254/16"/>
    <property name="java.runtime.version" value="23.0.2"/>
    <property name="user.name" value="salsa"/>
    <property name="stdout.encoding" value="UTF-8"/>
    <property name="path.separator" value=":"/>
    <property name="os.version" value="13.5"/>
    <property name="java.runtime.name" value="OpenJDK Runtime Environment"/>
    <property name="file.encoding" value="UTF-8"/>
    <property name="java.vm.name" value="OpenJDK 64-Bit Server VM"/>
    <property name="java.vendor.version" value="Homebrew"/>
    <property name="localRepository" value="/Users/salsa/.m2/repository"/>
    <property name="java.vendor.url.bug" value="https://github.com/Homebrew/homebrew-core/issues"/>
    <property name="java.io.tmpdir" value="/var/folders/0h/063c3np959bbg7_4pknqdjfr0000gn/T/"/>
    <property name="java.version" value="23.0.2"/>
    <property name="user.dir" value="/Users/salsa/Documents/AfterOffice/Project/testngprogram"/>
    <property name="os.arch" value="aarch64"/>
    <property name="java.vm.specification.name" value="Java Virtual Machine Specification"/>
    <property name="native.encoding" value="UTF-8"/>
    <property name="java.library.path" value="/Users/salsa/Library/Java/Extensions:/Library/Java/Extensions:/Network/Library/Java/Extensions:/System/Library/Java/Extensions:/usr/lib/java:."/>
    <property name="java.vm.info" value="mixed mode, sharing"/>
    <property name="stderr.encoding" value="UTF-8"/>
    <property name="java.vendor" value="Homebrew"/>
    <property name="java.vm.version" value="23.0.2"/>
    <property name="sun.io.unicode.encoding" value="UnicodeBig"/>
    <property name="socksNonProxyHosts" value="local|*.local|169.254/16|*.169.254/16"/>
    <property name="java.class.version" value="67.0"/>
  </properties>
  <testcase name="testMethod" classname="testng.AssertTest" time="0.002">
    <system-out><![CDATA[Setting up the test suite...
Running before each test...
Running before the class...
Running before each test method...
This is a simple test method.
Running test 1
Thread id: 30 name: TestNG-test-SimpleRegression-1
]]></system-out>
    <system-err><![CDATA[SLF4J(W): No SLF4J providers were found.
SLF4J(W): Defaulting to no-operation (NOP) logger implementation
SLF4J(W): See https://www.slf4j.org/codes.html#noProviders for further details.
]]></system-err>
  </testcase>
  <testcase name="flackyTest" classname="testng.RetryTest" time="0.0">
    <skipped message="expected [true] but found [false]"/>
    <system-out><![CDATA[Retrying test flackyTest for the 2 time.
]]></system-out>
  </testcase>
  <testcase name="flackyTest" classname="testng.RetryTest" time="0.0">
    <skipped message="expected [true] but found [false]"/>
    <system-out><![CDATA[Running test 2
Retrying test flackyTest for the 3 time.
]]></system-out>
  </testcase>
  <testcase name="flackyTest" classname="testng.RetryTest" time="0.0">
    <system-out><![CDATA[Running test 3
]]></system-out>
  </testcase>
  <testcase name="testMethod[1234, active](1)" classname="testng.DataProviderTest" time="0.001">
    <system-out><![CDATA[Test method executed 1234 with status: active
]]></system-out>
  </testcase>
  <testcase name="testMethod[4567, inactive](2)" classname="testng.DataProviderTest" time="0.0">
    <system-out><![CDATA[Test method executed 4567 with status: inactive
]]></system-out>
  </testcase>
  <testcase name="testMethod[8910, active](3)" classname="testng.DataProviderTest" time="0.0">
    <system-out><![CDATA[Test method executed 8910 with status: active
]]></system-out>
  </testcase>
  <testcase name="testMethod" classname="testng.SimpleTest" time="1.0"/>
  <testcase name="testMethod2" classname="testng.SimpleTest" time="0.505">
    <system-out><![CDATA[Running after each test method...
Running before each test method...
This is a simple test method 2.
Thread id: 41 name: TestNG-test-SimpleRegression-5
]]></system-out>
  </testcase>
  <testcase name="testMethod3" classname="testng.SimpleTest" time="0.506">
    <system-out><![CDATA[Running after each test method...
Running before each test method...
This is a simple test method 3.
Thread id: 41 name: TestNG-test-SimpleRegression-5
]]></system-out>
  </testcase>
</testsuite>