<?xml version="1.0" encoding="UTF-8"?>
<!-- Generated by org.testng.reporters.JUnitReportReporter -->
<testsuite hostname="salsas-MacBook-Air.local" failures="0" tests="1" name="testng.SimpleTest2" time="0.000" errors="0" timestamp="2025-05-12T12:39:32 WIB" skipped="0">
  <testcase classname="testng.SimpleTest2" name="testMethod" time="0.000"/>
</testsuite> <!-- testng.SimpleTest2 -->
