<?xml version="1.0" encoding="UTF-8"?>
<!-- Generated by org.testng.reporters.JUnitReportReporter -->
<testsuite hostname="salsas-MacBook-Air.local" failures="0" tests="7" name="cucumber.runners.CucumberRunner" time="88.202" errors="0" timestamp="2025-05-28T10:16:58 WIB" skipped="0">
  <testcase classname="cucumber.runners.CucumberRunner" name="runScenario" time="78.456"/>
  <testcase classname="cucumber.runners.CucumberRunner" name="runScenario" time="2.215"/>
  <testcase classname="cucumber.runners.CucumberRunner" name="runScenario" time="2.619"/>
  <testcase classname="cucumber.runners.CucumberRunner" name="runScenario" time="1.261"/>
  <testcase classname="cucumber.runners.CucumberRunner" name="runScenario" time="0.683"/>
  <testcase classname="cucumber.runners.CucumberRunner" name="runScenario" time="2.346"/>
  <testcase classname="cucumber.runners.CucumberRunner" name="runScenario" time="0.622"/>
</testsuite> <!-- cucumber.runners.CucumberRunner -->
