<?xml version="1.0" encoding="UTF-8"?>
<!-- Generated by org.testng.reporters.JUnitReportReporter -->
<testsuite hostname="salsas-MacBook-Air.local" failures="0" tests="7" name="cucumber.runners.CucumberRunner" time="15.456" errors="0" timestamp="2025-05-30T16:13:59 WIB" skipped="0">
  <testcase classname="cucumber.runners.CucumberRunner" name="runScenario" time="3.316"/>
  <testcase classname="cucumber.runners.CucumberRunner" name="runScenario" time="2.656"/>
  <testcase classname="cucumber.runners.CucumberRunner" name="runScenario" time="2.831"/>
  <testcase classname="cucumber.runners.CucumberRunner" name="runScenario" time="1.395"/>
  <testcase classname="cucumber.runners.CucumberRunner" name="runScenario" time="3.955"/>
  <testcase classname="cucumber.runners.CucumberRunner" name="runScenario" time="0.659"/>
  <testcase classname="cucumber.runners.CucumberRunner" name="runScenario" time="0.644"/>
</testsuite> <!-- cucumber.runners.CucumberRunner -->
