<?xml version="1.0" encoding="UTF-8"?>
<!-- Generated by org.testng.reporters.JUnitReportReporter -->
<testsuite hostname="salsas-MacBook-Air.local" failures="0" tests="3" name="e2e.pojo.UpdateObject" time="3.719" errors="0" timestamp="2025-05-25T12:53:25 WIB" skipped="0">
  <testcase classname="e2e.pojo.UpdateObject" name="validateGetUpdatedObject" time="1.790"/>
  <testcase classname="e2e.pojo.UpdateObject" name="updateObject" time="0.909"/>
  <testcase classname="e2e.pojo.UpdateObject" name="partiallyUpdateObject" time="1.020"/>
</testsuite> <!-- e2e.pojo.UpdateObject -->
