<?xml version="1.0" encoding="UTF-8"?>
<!-- Generated by org.testng.reporters.JUnitReportReporter -->
<testsuite hostname="salsas-MacBook-Air.local" failures="0" tests="3" name="e2e.pojo.DeleteObject" time="2.447" errors="0" timestamp="2025-05-24T16:58:01 WIB" skipped="0">
  <testcase classname="e2e.pojo.DeleteObject" name="validateGetDeletedObject" time="0.846"/>
  <testcase classname="e2e.pojo.DeleteObject" name="deleteObject" time="0.797"/>
  <testcase classname="e2e.pojo.DeleteObject" name="deleteObject" time="0.804"/>
</testsuite> <!-- e2e.pojo.DeleteObject -->
