<?xml version="1.0" encoding="UTF-8"?>
<!-- Generated by org.testng.reporters.JUnitReportReporter -->
<testsuite hostname="salsas-MacBook-Air.local" failures="0" tests="8" name="selenium_scenario.CheckOutFlowE2E" time="16.278" errors="0" timestamp="2025-06-17T10:40:26 WIB" skipped="0">
  <testcase classname="selenium_scenario.CheckOutFlowE2E" name="verifyOrderCreated" time="3.067"/>
  <testcase classname="selenium_scenario.CheckOutFlowE2E" name="successfulRegister" time="0.766"/>
  <testcase classname="selenium_scenario.CheckOutFlowE2E" name="searchAndViewProduct" time="3.154"/>
  <testcase classname="selenium_scenario.CheckOutFlowE2E" name="doCheckout" time="0.187"/>
  <testcase classname="selenium_scenario.CheckOutFlowE2E" name="doATCAndOpenCartPage" time="8.154"/>
  <testcase classname="selenium_scenario.CheckOutFlowE2E" name="doPlaceOrder" time="0.496"/>
  <testcase classname="selenium_scenario.CheckOutFlowE2E" name="successfulLogin" time="0.311"/>
  <testcase classname="selenium_scenario.CheckOutFlowE2E" name="verifyDataProductInProductViewPage" time="0.143"/>
</testsuite> <!-- selenium_scenario.CheckOutFlowE2E -->
