<?xml version="1.0" encoding="UTF-8"?>
<!-- Generated by org.testng.reporters.JUnitReportReporter -->
<testsuite hostname="salsas-MacBook-Air.local" failures="0" tests="1" name="selenium_page_factory.test_suite_cucumber.runner.CucumberRunner" time="91.088" errors="0" timestamp="2025-06-22T14:35:43 WIB" skipped="0">
  <testcase classname="selenium_page_factory.test_suite_cucumber.runner.CucumberRunner" name="runScenario" time="91.088"/>
</testsuite> <!-- selenium_page_factory.test_suite_cucumber.runner.CucumberRunner -->
