<?xml version="1.0" encoding="UTF-8"?>
<!-- Generated by org.testng.reporters.JUnitReportReporter -->
<testsuite hostname="salsas-MacBook-Air.local" failures="0" tests="1" name="testng.AssertTest" time="0.004" errors="0" timestamp="2025-05-12T15:11:27 WIB" skipped="0">
  <testcase classname="testng.AssertTest" name="testMethod" time="0.004"/>
</testsuite> <!-- testng.AssertTest -->
