<?xml version="1.0" encoding="UTF-8"?>
<!-- Generated by org.testng.reporters.JUnitReportReporter -->
<testsuite hostname="salsas-MacBook-Air.local" failures="0" tests="2" name="restassured.Register" time="1.445" errors="0" timestamp="2025-05-18T15:18:33 WIB" skipped="0">
  <testcase classname="restassured.Register" name="testSuccessfulRegister" time="0.724"/>
  <testcase classname="restassured.Register" name="testRegisterWithExistingEmail" time="0.721"/>
</testsuite> <!-- restassured.Register -->
