<?xml version="1.0" encoding="UTF-8"?>
<!-- Generated by org.testng.reporters.JUnitReportReporter -->
<testsuite hostname="salsas-MacBook-Air.local" failures="0" tests="3" name="testng.DataProviderTest" time="0.005" errors="0" timestamp="2025-05-12T15:11:27 WIB" skipped="0">
  <testcase classname="testng.DataProviderTest" name="testMethod" time="0.005"/>
  <testcase classname="testng.DataProviderTest" name="testMethod" time="0.000"/>
  <testcase classname="testng.DataProviderTest" name="testMethod" time="0.000"/>
</testsuite> <!-- testng.DataProviderTest -->
