<?xml version="1.0" encoding="UTF-8"?>
<!-- Generated by org.testng.reporters.JUnitReportReporter -->
<testsuite hostname="salsas-MacBook-Air.local" failures="0" tests="7" name="cucumber.runners.CucumberRunner" time="10.182" errors="0" timestamp="2025-05-25T13:42:25 WIB" skipped="0">
  <testcase classname="cucumber.runners.CucumberRunner" name="runScenario" time="1.427"/>
  <testcase classname="cucumber.runners.CucumberRunner" name="runScenario" time="2.827"/>
  <testcase classname="cucumber.runners.CucumberRunner" name="runScenario" time="0.727"/>
  <testcase classname="cucumber.runners.CucumberRunner" name="runScenario" time="0.702"/>
  <testcase classname="cucumber.runners.CucumberRunner" name="runScenario" time="1.626"/>
  <testcase classname="cucumber.runners.CucumberRunner" name="runScenario" time="1.426"/>
  <testcase classname="cucumber.runners.CucumberRunner" name="runScenario" time="1.447"/>
</testsuite> <!-- cucumber.runners.CucumberRunner -->
