<?xml version="1.0" encoding="UTF-8"?>
<!-- Generated by org.testng.reporters.JUnitReportReporter -->
<testsuite hostname="salsas-MacBook-Air.local" failures="0" tests="7" name="cucumber.runners.CucumberRunner" time="19.270" errors="0" timestamp="2025-05-30T15:49:41 WIB" skipped="0">
  <testcase classname="cucumber.runners.CucumberRunner" name="runScenario" time="2.375"/>
  <testcase classname="cucumber.runners.CucumberRunner" name="runScenario" time="4.967"/>
  <testcase classname="cucumber.runners.CucumberRunner" name="runScenario" time="3.842"/>
  <testcase classname="cucumber.runners.CucumberRunner" name="runScenario" time="3.968"/>
  <testcase classname="cucumber.runners.CucumberRunner" name="runScenario" time="2.155"/>
  <testcase classname="cucumber.runners.CucumberRunner" name="runScenario" time="0.703"/>
  <testcase classname="cucumber.runners.CucumberRunner" name="runScenario" time="1.260"/>
</testsuite> <!-- cucumber.runners.CucumberRunner -->
