<?xml version="1.0" encoding="UTF-8"?>
<!-- Generated by org.testng.reporters.JUnitReportReporter -->
<testsuite hostname="salsas-MacBook-Air.local" failures="0" tests="1" name="restassured.GetSingleObjectTest" time="0.733" errors="0" timestamp="2025-05-18T15:18:33 WIB" skipped="0">
  <testcase classname="restassured.GetSingleObjectTest" name="testGetSingleObject" time="0.733"/>
</testsuite> <!-- restassured.GetSingleObjectTest -->
