<?xml version="1.0" encoding="UTF-8"?>
<!-- Generated by org.testng.reporters.JUnitReportReporter -->
<testsuite hostname="salsas-MacBook-Air.local" failures="0" tests="3" name="testng.RetryTest" time="0.006" errors="0" timestamp="2025-05-12T15:11:27 WIB" skipped="2">
  <testcase classname="testng.RetryTest" name="flackyTest" time="0.000"/>
  <testcase classname="testng.RetryTest" name="flackyTest" time="0.000">
    <skipped/>
  </testcase> <!-- flackyTest -->
  <testcase classname="testng.RetryTest" name="flackyTest" time="0.006">
    <skipped/>
  </testcase> <!-- flackyTest -->
</testsuite> <!-- testng.RetryTest -->
