<?xml version="1.0" encoding="UTF-8"?>
<!-- Generated by org.testng.reporters.JUnitReportReporter -->
<testsuite hostname="salsas-MacBook-Air.local" failures="0" tests="7" name="selenium_scenario.CheckOutFlowE2E" time="15.786" errors="0" timestamp="2025-06-16T17:08:38 WIB" skipped="0">
  <testcase classname="selenium_scenario.CheckOutFlowE2E" name="doCheckout" time="0.393"/>
  <testcase classname="selenium_scenario.CheckOutFlowE2E" name="verifyOrderCreated" time="3.065"/>
  <testcase classname="selenium_scenario.CheckOutFlowE2E" name="successfulLogin" time="0.402"/>
  <testcase classname="selenium_scenario.CheckOutFlowE2E" name="verifyDataProductInProductViewPage" time="0.090"/>
  <testcase classname="selenium_scenario.CheckOutFlowE2E" name="doATCAndOpenCartPage" time="8.138"/>
  <testcase classname="selenium_scenario.CheckOutFlowE2E" name="searchAndViewProduct" time="3.184"/>
  <testcase classname="selenium_scenario.CheckOutFlowE2E" name="doPlaceOrder" time="0.514"/>
</testsuite> <!-- selenium_scenario.CheckOutFlowE2E -->
