<?xml version="1.0" encoding="UTF-8"?>
<!-- Generated by org.testng.reporters.JUnitReportReporter -->
<testsuite hostname="salsas-MacBook-Air.local" failures="0" tests="1" name="restassured.UpdateObjectTest" time="0.795" errors="0" timestamp="2025-05-18T15:18:33 WIB" skipped="0">
  <testcase classname="restassured.UpdateObjectTest" name="testUpdateObject" time="0.795"/>
</testsuite> <!-- restassured.UpdateObjectTest -->
