<?xml version="1.0" encoding="UTF-8"?>
<!-- Generated by org.testng.reporters.JUnitReportReporter -->
<testsuite hostname="salsas-MacBook-Air.local" failures="0" tests="3" name="e2e.pojo.GetListObject" time="4.533" errors="0" timestamp="2025-05-24T16:58:01 WIB" skipped="0">
  <testcase classname="e2e.pojo.GetListObject" name="loginUser" time="1.242"/>
  <testcase classname="e2e.pojo.GetListObject" name="registerUser" time="1.735"/>
  <testcase classname="e2e.pojo.GetListObject" name="getListAllObject" time="1.556"/>
</testsuite> <!-- e2e.pojo.GetListObject -->
