<?xml version="1.0" encoding="UTF-8"?>
<!-- Generated by org.testng.reporters.JUnitReportReporter -->
<testsuite hostname="salsas-MacBook-Air.local" failures="0" tests="7" name="cucumber.runners.CucumberRunner" time="11.214" errors="0" timestamp="2025-05-27T11:24:35 WIB" skipped="0">
  <testcase classname="cucumber.runners.CucumberRunner" name="runScenario" time="2.440"/>
  <testcase classname="cucumber.runners.CucumberRunner" name="runScenario" time="2.564"/>
  <testcase classname="cucumber.runners.CucumberRunner" name="runScenario" time="0.878"/>
  <testcase classname="cucumber.runners.CucumberRunner" name="runScenario" time="1.541"/>
  <testcase classname="cucumber.runners.CucumberRunner" name="runScenario" time="0.712"/>
  <testcase classname="cucumber.runners.CucumberRunner" name="runScenario" time="1.590"/>
  <testcase classname="cucumber.runners.CucumberRunner" name="runScenario" time="1.489"/>
</testsuite> <!-- cucumber.runners.CucumberRunner -->
