<?xml version="1.0" encoding="UTF-8"?>
<!-- Generated by org.testng.reporters.JUnitReportReporter -->
<testsuite hostname="salsas-MacBook-Air.local" failures="0" tests="1" name="restassured.ListOfObjectsByIdsTest" time="0.817" errors="0" timestamp="2025-05-18T15:18:33 WIB" skipped="0">
  <testcase classname="restassured.ListOfObjectsByIdsTest" name="testGetListofObjectsbyIds" time="0.817"/>
</testsuite> <!-- restassured.ListOfObjectsByIdsTest -->
