<?xml version="1.0" encoding="UTF-8"?>
<!-- Generated by org.testng.reporters.JUnitReportReporter -->
<testsuite hostname="salsas-MacBook-Air.local" failures="0" tests="3" name="e2e.pojo.UpdateObject" time="2.644" errors="0" timestamp="2025-05-24T16:58:01 WIB" skipped="0">
  <testcase classname="e2e.pojo.UpdateObject" name="validateGetUpdatedObject" time="0.804"/>
  <testcase classname="e2e.pojo.UpdateObject" name="updateObject" time="0.921"/>
  <testcase classname="e2e.pojo.UpdateObject" name="partiallyUpdateObject" time="0.919"/>
</testsuite> <!-- e2e.pojo.UpdateObject -->
