<?xml version="1.0" encoding="UTF-8"?>
<!-- Generated by org.testng.reporters.JUnitReportReporter -->
<testsuite hostname="salsas-MacBook-Air.local" failures="0" tests="3" name="testng.SimpleTest" time="2.024" errors="0" timestamp="2025-05-12T15:11:27 WIB" skipped="0">
  <testcase classname="testng.SimpleTest" name="testMethod2" time="0.507"/>
  <testcase classname="testng.SimpleTest" name="testMethod" time="1.007"/>
  <testcase classname="testng.SimpleTest" name="testMethod3" time="0.510"/>
</testsuite> <!-- testng.SimpleTest -->
