<?xml version="1.0" encoding="UTF-8"?>
<!-- Generated by org.testng.reporters.JUnitReportReporter -->
<testsuite hostname="salsas-MacBook-Air.local" failures="0" tests="2" name="restassured.DeleteObjectTest" time="1.432" errors="0" timestamp="2025-05-18T15:18:33 WIB" skipped="0">
  <testcase classname="restassured.DeleteObjectTest" name="testDeleteObject" time="0.712"/>
  <testcase classname="restassured.DeleteObjectTest" name="testDeleteObject" time="0.720"/>
</testsuite> <!-- restassured.DeleteObjectTest -->
