<?xml version="1.0" encoding="UTF-8"?>
<!-- Generated by org.testng.reporters.JUnitReportReporter -->
<testsuite hostname="salsas-MacBook-Air.local" failures="0" tests="3" name="e2e.pojo.GetListObject" time="4.180" errors="0" timestamp="2025-05-25T12:53:25 WIB" skipped="0">
  <testcase classname="e2e.pojo.GetListObject" name="registerUser" time="2.003"/>
  <testcase classname="e2e.pojo.GetListObject" name="loginUser" time="1.015"/>
  <testcase classname="e2e.pojo.GetListObject" name="getListAllObject" time="1.162"/>
</testsuite> <!-- e2e.pojo.GetListObject -->
