<?xml version="1.0" encoding="UTF-8"?>
<!-- Generated by org.testng.reporters.JUnitReportReporter -->
<testsuite hostname="salsas-MacBook-Air.local" failures="0" tests="7" name="cucumber.runners.CucumberRunner" time="14.664" errors="0" timestamp="2025-05-30T16:48:59 WIB" skipped="0">
  <testcase classname="cucumber.runners.CucumberRunner" name="runScenario" time="1.477"/>
  <testcase classname="cucumber.runners.CucumberRunner" name="runScenario" time="2.777"/>
  <testcase classname="cucumber.runners.CucumberRunner" name="runScenario" time="2.319"/>
  <testcase classname="cucumber.runners.CucumberRunner" name="runScenario" time="2.690"/>
  <testcase classname="cucumber.runners.CucumberRunner" name="runScenario" time="2.278"/>
  <testcase classname="cucumber.runners.CucumberRunner" name="runScenario" time="2.412"/>
  <testcase classname="cucumber.runners.CucumberRunner" name="runScenario" time="0.711"/>
</testsuite> <!-- cucumber.runners.CucumberRunner -->
