<?xml version="1.0" encoding="UTF-8"?>
<!-- Generated by org.testng.reporters.JUnitReportReporter -->
<testsuite hostname="salsas-MacBook-Air.local" failures="0" tests="3" name="e2e.pojo.DeleteObject" time="4.033" errors="0" timestamp="2025-05-25T12:53:25 WIB" skipped="0">
  <testcase classname="e2e.pojo.DeleteObject" name="validateGetDeletedObject" time="1.435"/>
  <testcase classname="e2e.pojo.DeleteObject" name="deleteObject" time="1.682"/>
  <testcase classname="e2e.pojo.DeleteObject" name="deleteObject" time="0.916"/>
</testsuite> <!-- e2e.pojo.DeleteObject -->
