<?xml version="1.0" encoding="UTF-8"?>
<!-- Generated by org.testng.reporters.JUnitReportReporter -->
<testsuite hostname="salsas-MacBook-Air.local" failures="0" tests="7" name="selenium_scenario.CheckOutFlowE2E" time="16.121" errors="0" timestamp="2025-06-16T17:20:45 WIB" skipped="0">
  <testcase classname="selenium_scenario.CheckOutFlowE2E" name="searchAndViewProduct" time="3.198"/>
  <testcase classname="selenium_scenario.CheckOutFlowE2E" name="doCheckout" time="0.386"/>
  <testcase classname="selenium_scenario.CheckOutFlowE2E" name="verifyDataProductInProductViewPage" time="0.350"/>
  <testcase classname="selenium_scenario.CheckOutFlowE2E" name="doPlaceOrder" time="0.556"/>
  <testcase classname="selenium_scenario.CheckOutFlowE2E" name="successfulLogin" time="0.409"/>
  <testcase classname="selenium_scenario.CheckOutFlowE2E" name="verifyOrderCreated" time="3.066"/>
  <testcase classname="selenium_scenario.CheckOutFlowE2E" name="doATCAndOpenCartPage" time="8.156"/>
</testsuite> <!-- selenium_scenario.CheckOutFlowE2E -->
