<?xml version="1.0" encoding="UTF-8"?>
<!-- Generated by org.testng.reporters.JUnitReportReporter -->
<testsuite hostname="salsas-MacBook-Air.local" failures="0" tests="2" name="e2e.pojo.AddObject" time="2.596" errors="0" timestamp="2025-05-25T12:53:25 WIB" skipped="0">
  <testcase classname="e2e.pojo.AddObject" name="addObject" time="1.506"/>
  <testcase classname="e2e.pojo.AddObject" name="getObjectbyID" time="1.090"/>
</testsuite> <!-- e2e.pojo.AddObject -->
