<?xml version="1.0" encoding="UTF-8"?>
<!-- Generated by org.testng.reporters.JUnitReportReporter -->
<testsuite hostname="salsas-MacBook-Air.local" failures="0" tests="1" name="restassured.LoginTest" time="0.665" errors="0" timestamp="2025-05-18T15:18:33 WIB" skipped="0">
  <testcase classname="restassured.LoginTest" name="testFailedLogin" time="0.665"/>
</testsuite> <!-- restassured.LoginTest -->
